Building DAG of jobs...
Your conda installation is not configured to use strict channel priorities. This is however crucial for having robust and correct environments (for details, see https://conda-forge.org/docs/user/tipsandtricks.html). Please consider to configure strict priorities by executing 'conda config --set channel_priority strict'.
Creating conda environment workflow/envs/pulldown.yaml...
Downloading and installing remote packages.
CreateCondaEnvironmentException:
Could not create conda environment from /Users/vmaurer/src/alphaabriss/workflow/envs/pulldown.yaml:
Command:
mamba env create --quiet --file "/Users/vmaurer/src/alphaabriss/.snakemake/conda/3a99e080deaa18307bf3e6d57b944322_.yaml" --prefix "/Users/vmaurer/src/alphaabriss/.snakemake/conda/3a99e080deaa18307bf3e6d57b944322_"
Output:
Could not solve for environment specs
The following packages are incompatible
├─ _libgcc_mutex ==0.1 conda_forge does not exist (perhaps a typo or a missing channel);
├─ _openmp_mutex ==4.5 2_gnu does not exist (perhaps a typo or a missing channel);
├─ brotli-bin ==1.1.0 hd590300_1 does not exist (perhaps a typo or a missing channel);
├─ brotli-python ==1.1.0 py310hc6cd4ac_1 does not exist (perhaps a typo or a missing channel);
├─ brotli ==1.1.0 hd590300_1 does not exist (perhaps a typo or a missing channel);
├─ bzip2 ==1.0.8 hd590300_5 does not exist (perhaps a typo or a missing channel);
├─ ca-certificates ==2024.2.2 hbcca054_0 does not exist (perhaps a typo or a missing channel);
├─ cairo ==1.18.0 h3faef2a_0 does not exist (perhaps a typo or a missing channel);
├─ cctbx-base ==2024.1 py310h4a67f67_0 does not exist (perhaps a typo or a missing channel);
├─ chardet ==5.2.0 py310hff52083_1 does not exist (perhaps a typo or a missing channel);
├─ contourpy ==1.2.0 py310hd41b1e2_0 does not exist (perhaps a typo or a missing channel);
├─ cudatoolkit ==11.8.0 h4ba93d1_13 does not exist (perhaps a typo or a missing channel);
├─ expat ==2.5.0 hcb278e6_1 does not exist (perhaps a typo or a missing channel);
├─ fontconfig ==2.14.2 h14ed4e7_0 does not exist (perhaps a typo or a missing channel);
├─ fonttools ==4.49.0 py310h2372a71_0 does not exist (perhaps a typo or a missing channel);
├─ freetype ==2.12.1 h267a509_2 does not exist (perhaps a typo or a missing channel);
├─ gettext ==0.21.1 h27087fc_0 does not exist (perhaps a typo or a missing channel);
├─ hhsuite ==3.3.0 py310pl5321h068649b_9 does not exist (perhaps a typo or a missing channel);
├─ hmmer ==3.4 hdbdd923_0 does not exist (perhaps a typo or a missing channel);
├─ icu ==73.2 h59595ed_0 does not exist (perhaps a typo or a missing channel);
├─ jaxlib * *cuda* does not exist (perhaps a typo or a missing channel);
├─ kalign2 ==2.04 h031d066_5 does not exist (perhaps a typo or a missing channel);
├─ kiwisolver ==1.4.5 py310hd41b1e2_1 does not exist (perhaps a typo or a missing channel);
├─ lcms2 ==2.16 hb7c19ff_0 does not exist (perhaps a typo or a missing channel);
├─ ld_impl_linux-64 ==2.40 h41732ed_0 does not exist (perhaps a typo or a missing channel);
├─ lerc ==4.0.0 h27087fc_0 does not exist (perhaps a typo or a missing channel);
├─ libblas ==3.9.0 21_linux64_openblas does not exist (perhaps a typo or a missing channel);
├─ libboost-python ==1.82.0 py310hcb52e73_6 does not exist (perhaps a typo or a missing channel);
├─ libboost ==1.82.0 h6fcfa73_6 does not exist (perhaps a typo or a missing channel);
├─ libbrotlicommon ==1.1.0 hd590300_1 does not exist (perhaps a typo or a missing channel);
├─ libbrotlidec ==1.1.0 hd590300_1 does not exist (perhaps a typo or a missing channel);
├─ libbrotlienc ==1.1.0 hd590300_1 does not exist (perhaps a typo or a missing channel);
├─ libcblas ==3.9.0 21_linux64_openblas does not exist (perhaps a typo or a missing channel);
├─ libdeflate ==1.19 hd590300_0 does not exist (perhaps a typo or a missing channel);
├─ libexpat ==2.5.0 hcb278e6_1 does not exist (perhaps a typo or a missing channel);
├─ libffi ==3.4.2 h7f98852_5 does not exist (perhaps a typo or a missing channel);
├─ libgcc-ng ==13.2.0 h807b86a_5 does not exist (perhaps a typo or a missing channel);
├─ libgfortran-ng ==13.2.0 h69a702a_5 does not exist (perhaps a typo or a missing channel);
├─ libgfortran5 ==13.2.0 ha4646dd_5 does not exist (perhaps a typo or a missing channel);
├─ libglib ==2.78.3 h783c2da_0 does not exist (perhaps a typo or a missing channel);
├─ libglu ==9.0.0 hac7e632_1003 does not exist (perhaps a typo or a missing channel);
├─ libgomp ==13.2.0 h807b86a_5 does not exist (perhaps a typo or a missing channel);
├─ libiconv ==1.17 hd590300_2 does not exist (perhaps a typo or a missing channel);
├─ libjpeg-turbo ==3.0.0 hd590300_1 does not exist (perhaps a typo or a missing channel);
├─ liblapack ==3.9.0 21_linux64_openblas does not exist (perhaps a typo or a missing channel);
├─ libnsl ==2.0.1 hd590300_0 does not exist (perhaps a typo or a missing channel);
├─ libopenblas ==0.3.26 pthreads_h413a1c8_0 does not exist (perhaps a typo or a missing channel);
├─ libpng ==1.6.42 h2797004_0 does not exist (perhaps a typo or a missing channel);
├─ libsqlite ==3.45.1 h2797004_0 does not exist (perhaps a typo or a missing channel);
├─ libstdcxx-ng ==13.2.0 h7e041cc_5 does not exist (perhaps a typo or a missing channel);
├─ libsvm ==3.16 2 does not exist (perhaps a typo or a missing channel);
├─ libtiff ==4.6.0 ha9c0a0a_2 does not exist (perhaps a typo or a missing channel);
├─ libuuid ==2.38.1 h0b41bf4_0 does not exist (perhaps a typo or a missing channel);
├─ libwebp-base ==1.3.2 hd590300_0 does not exist (perhaps a typo or a missing channel);
├─ libxcb ==1.15 h0b41bf4_0 does not exist (perhaps a typo or a missing channel);
├─ libxcrypt ==4.4.36 hd590300_1 does not exist (perhaps a typo or a missing channel);
├─ libzlib ==1.2.13 hd590300_5 does not exist (perhaps a typo or a missing channel);
├─ matplotlib-base ==3.8.3 py310h62c0568_0 does not exist (perhaps a typo or a missing channel);
├─ ncurses ==6.4 h59595ed_2 does not exist (perhaps a typo or a missing channel);
├─ numpy ==1.26.4 py310hb13e2d6_0 does not exist (perhaps a typo or a missing channel);
├─ ocl-icd-system ==1.0.0 1 does not exist (perhaps a typo or a missing channel);
├─ ocl-icd ==2.3.2 hd590300_0 does not exist (perhaps a typo or a missing channel);
├─ openjpeg ==2.5.0 h488ebb8_3 does not exist (perhaps a typo or a missing channel);
├─ openmm ==8.0.0 py310h358ce72_4 does not exist (perhaps a typo or a missing channel);
├─ openssl ==3.2.1 hd590300_0 does not exist (perhaps a typo or a missing channel);
├─ pcre2 ==10.42 hcad00b1_0 does not exist (perhaps a typo or a missing channel);
├─ perl ==5.32.1 7_hd590300_perl5 does not exist (perhaps a typo or a missing channel);
├─ pillow ==10.2.0 py310h01dd4db_0 does not exist (perhaps a typo or a missing channel);
├─ pixman ==0.43.2 h59595ed_0 does not exist (perhaps a typo or a missing channel);
├─ psutil ==5.9.8 py310h2372a71_0 does not exist (perhaps a typo or a missing channel);
├─ pthread-stubs ==0.4 h36c2ea0_1001 does not exist (perhaps a typo or a missing channel);
├─ pycairo ==1.26.0 py310hda9f760_0 does not exist (perhaps a typo or a missing channel);
├─ python ==3.10.0 h543edf9_3_cpython does not exist (perhaps a typo or a missing channel);
├─ readline ==8.2 h8228510_1 does not exist (perhaps a typo or a missing channel);
├─ reportlab ==4.1.0 py310h2372a71_0 does not exist (perhaps a typo or a missing channel);
├─ scipy ==1.12.0 py310hb13e2d6_2 does not exist (perhaps a typo or a missing channel);
├─ sqlite ==3.45.1 h2c6b66d_0 does not exist (perhaps a typo or a missing channel);
├─ tk ==8.6.13 noxft_h4845f30_101 does not exist (perhaps a typo or a missing channel);
├─ unicodedata2 ==15.1.0 py310h2372a71_0 does not exist (perhaps a typo or a missing channel);
├─ xorg-kbproto ==1.0.7 h7f98852_1002 does not exist (perhaps a typo or a missing channel);
├─ xorg-libice ==1.1.1 hd590300_0 does not exist (perhaps a typo or a missing channel);
├─ xorg-libsm ==1.2.4 h7391055_0 does not exist (perhaps a typo or a missing channel);
├─ xorg-libx11 ==1.8.7 h8ee46fc_0 does not exist (perhaps a typo or a missing channel);
├─ xorg-libxau ==1.0.11 hd590300_0 does not exist (perhaps a typo or a missing channel);
├─ xorg-libxdmcp ==1.1.3 h7f98852_0 does not exist (perhaps a typo or a missing channel);
├─ xorg-libxext ==1.3.4 h0b41bf4_2 does not exist (perhaps a typo or a missing channel);
├─ xorg-libxrender ==0.9.11 hd590300_0 does not exist (perhaps a typo or a missing channel);
├─ xorg-renderproto ==0.11.1 h7f98852_1002 does not exist (perhaps a typo or a missing channel);
├─ xorg-xextproto ==7.3.0 h0b41bf4_1003 does not exist (perhaps a typo or a missing channel);
├─ xorg-xproto ==7.0.31 h7f98852_1007 does not exist (perhaps a typo or a missing channel);
├─ xz ==5.2.6 h166bdaf_0 does not exist (perhaps a typo or a missing channel);
├─ zlib ==1.2.13 hd590300_5 does not exist (perhaps a typo or a missing channel);
└─ zstd ==1.5.5 hfc55251_0 does not exist (perhaps a typo or a missing channel).

